<?xml version="1.0" encoding="UTF-8"?>
<testsuite xmlns:xsi="http://www.w3.org/2001/XMLSchema-instance" xsi:noNamespaceSchemaLocation="https://maven.apache.org/surefire/maven-surefire-plugin/xsd/surefire-test-report-3.0.xsd" version="3.0" name="com.demo.secure_notes.SecureNotesApplicationTests" time="7.477" tests="1" errors="0" skipped="0" failures="0">
  <properties>
[...]
</properties>
  <testcase name="contextLoads" classname="com.demo.secure_notes.SecureNotesApplicationTests" time="0.568">
    <system-out><![CDATA[22:42:44.575 [main] INFO org.springframework.test.context.support.AnnotationConfigContextLoaderUtils -- Could not detect default configuration classes for test class [com.demo.secure_notes.SecureNotesApplicationTests]: SecureNotesApplicationTests does not declare any static, non-private, non-final, nested classes annotated with @Configuration.
22:42:44.704 [main] INFO org.springframework.boot.test.context.SpringBootTestContextBootstrapper -- Found @SpringBootConfiguration com.demo.secure_notes.SecureNotesApplication for test class com.demo.secure_notes.SecureNotesApplicationTests

  .   ____          _            __ _ _
 /\\ / ___'_ __ _ _(_)_ __  __ _ \ \ \ \
( ( )\___ | '_ | '_| | '_ \/ _` | \ \ \ \
 \\/  ___)| |_)| | | | | || (_| |  ) ) ) )
  '  |____| .__|_| |_|_| |_\__, | / / / /
 =========|_|==============|___/=/_/_/_/

 :: Spring Boot ::                (v3.3.2)

2025-09-16T22:42:45.294-05:00  INFO 25576 --- [secure-notes] [           main] c.d.s.SecureNotesApplicationTests        : Starting SecureNotesApplicationTests using Java 21.0.7 with PID 25576 (started by andre in C:\springboot\secure-notes)
2025-09-16T22:42:45.296-05:00  INFO 25576 --- [secure-notes] [           main] c.d.s.SecureNotesApplicationTests        : No active profile set, falling back to 1 default profile: "default"
2025-09-16T22:42:46.226-05:00  INFO 25576 --- [secure-notes] [           main] .s.d.r.c.RepositoryConfigurationDelegate : Bootstrapping Spring Data JPA repositories in DEFAULT mode.
2025-09-16T22:42:46.303-05:00  INFO 25576 --- [secure-notes] [           main] .s.d.r.c.RepositoryConfigurationDelegate : Finished Spring Data repository scanning in 64 ms. Found 2 JPA repository interfaces.
2025-09-16T22:42:47.005-05:00  INFO 25576 --- [secure-notes] [           main] o.hibernate.jpa.internal.util.LogHelper  : HHH000204: Processing PersistenceUnitInfo [name: default]
2025-09-16T22:42:47.114-05:00  INFO 25576 --- [secure-notes] [           main] org.hibernate.Version                    : HHH000412: Hibernate ORM core version 6.5.2.Final
2025-09-16T22:42:47.164-05:00  INFO 25576 --- [secure-notes] [           main] o.h.c.internal.RegionFactoryInitiator    : HHH000026: Second-level cache disabled
2025-09-16T22:42:47.610-05:00  INFO 25576 --- [secure-notes] [           main] o.s.o.j.p.SpringPersistenceUnitInfo      : No LoadTimeWeaver setup: ignoring JPA class transformer
2025-09-16T22:42:47.643-05:00  INFO 25576 --- [secure-notes] [           main] com.zaxxer.hikari.HikariDataSource       : HikariPool-1 - Starting...
2025-09-16T22:42:47.886-05:00  INFO 25576 --- [secure-notes] [           main] com.zaxxer.hikari.pool.HikariPool        : HikariPool-1 - Added connection conn0: url=jdbc:h2:mem:devdb user=SA
2025-09-16T22:42:47.888-05:00  INFO 25576 --- [secure-notes] [           main] com.zaxxer.hikari.HikariDataSource       : HikariPool-1 - Start completed.
2025-09-16T22:42:49.558-05:00  INFO 25576 --- [secure-notes] [           main] o.h.e.t.j.p.i.JtaPlatformInitiator       : HHH000489: No JTA platform available (set 'hibernate.transaction.jta.platform' to enable JTA platform integration)
Hibernate: 
    create table notes (
        id bigint generated by default as identity,
        content varchar(4000) not null,
        title varchar(255) not null,
        owner_id bigint not null,
        primary key (id)
    )
Hibernate: 
    create table user_roles (
        user_id bigint not null,
        role enum ('ROLE_ADMIN','ROLE_USER')
    )
Hibernate: 
    create table users (
        id bigint generated by default as identity,
        email varchar(255) not null,
        failed_attempts integer not null,
        lock_until timestamp(6) with time zone,
        password_hash varchar(255) not null,
        primary key (id)
    )
Hibernate: 
    alter table if exists users 
       drop constraint if exists UK6dotkott2kjsp8vw4d0m25fb7
Hibernate: 
    alter table if exists users 
       add constraint UK6dotkott2kjsp8vw4d0m25fb7 unique (email)
Hibernate: 
    alter table if exists notes 
       add constraint FK5n5jgcd6tqt248r97q0yrt3xp 
       foreign key (owner_id) 
       references users
Hibernate: 
    alter table if exists user_roles 
       add constraint FKhfh9dx7w3ubf1co1vdev94g3f 
       foreign key (user_id) 
       references users
2025-09-16T22:42:49.704-05:00  INFO 25576 --- [secure-notes] [           main] j.LocalContainerEntityManagerFactoryBean : Initialized JPA EntityManagerFactory for persistence unit 'default'
2025-09-16T22:42:50.303-05:00  WARN 25576 --- [secure-notes] [           main] JpaBaseConfiguration$JpaWebConfiguration : spring.jpa.open-in-view is enabled by default. Therefore, database queries may be performed during view rendering. Explicitly configure spring.jpa.open-in-view to disable this warning
2025-09-16T22:42:50.354-05:00  INFO 25576 --- [secure-notes] [           main] r$InitializeUserDetailsManagerConfigurer : Global AuthenticationManager configured with UserDetailsService bean with name userDetailsService
2025-09-16T22:42:50.776-05:00 DEBUG 25576 --- [secure-notes] [           main] o.s.s.web.DefaultSecurityFilterChain     : Will secure any request with filters: DisableEncodeUrlFilter, WebAsyncManagerIntegrationFilter, SecurityContextHolderFilter, HeaderWriterFilter, CorsFilter, LogoutFilter, LockoutFilter, UsernamePasswordAuthenticationFilter, DefaultLoginPageGeneratingFilter, DefaultLogoutPageGeneratingFilter, RequestCacheAwareFilter, SecurityContextHolderAwareRequestFilter, AnonymousAuthenticationFilter, ExceptionTranslationFilter, AuthorizationFilter
2025-09-16T22:42:51.130-05:00  INFO 25576 --- [secure-notes] [           main] o.s.b.a.h2.H2ConsoleAutoConfiguration    : H2 console available at '/h2-console'. Database available at 'jdbc:h2:mem:devdb'
2025-09-16T22:42:51.239-05:00  INFO 25576 --- [secure-notes] [           main] c.d.s.SecureNotesApplicationTests        : Started SecureNotesApplicationTests in 6.335 seconds (process running for 7.604)
]]></system-out>
    <system-err><![CDATA[WARNING: A Java agent has been loaded dynamically (C:\Users\andre\.m2\repository\net\bytebuddy\byte-buddy-agent\1.14.18\byte-buddy-agent-1.14.18.jar)
WARNING: If a serviceability tool is in use, please run with -XX:+EnableDynamicAgentLoading to hide this warning
WARNING: If a serviceability tool is not in use, please run with -Djdk.instrument.traceUsage for more information
WARNING: Dynamic loading of agents will be disallowed by default in a future release
]]></system-err>
  </testcase>
</testsuite>